d:\cplusplus\htn planner moduler approach\htn planner moduler approach\x64\release\vc143.pdb
d:\cplusplus\htn planner moduler approach\htn planner moduler approach\x64\release\aircraft.obj
d:\cplusplus\htn planner moduler approach\htn planner moduler approach\x64\release\main.obj
d:\cplusplus\htn planner moduler approach\htn planner moduler approach\x64\release\htncore.obj
d:\cplusplus\htn planner moduler approach\htn planner moduler approach\x64\release\aircraft_simulation.obj
d:\cplusplus\htn planner moduler approach\htn planner moduler approach\x64\release\simulation.obj
d:\cplusplus\htn planner moduler approach\htn planner moduler approach\x64\release\coordinatesystem.obj
d:\cplusplus\htn planner moduler approach\x64\release\htn planner moduler approach.exe
d:\cplusplus\htn planner moduler approach\x64\release\htn planner moduler approach.pdb
d:\cplusplus\htn planner moduler approach\x64\release\htn planner moduler approach.lib
d:\cplusplus\htn planner moduler approach\x64\release\htn planner moduler approach.exp
d:\cplusplus\htn planner moduler approach\htn planner moduler approach\x64\release\htn planner moduler approach.ipdb
d:\cplusplus\htn planner moduler approach\htn planner moduler approach\x64\release\htn planner moduler approach.iobj
d:\cplusplus\htn planner moduler approach\htn planner moduler approach\x64\release\htn plan.5168f7c3.tlog\cl.command.1.tlog
d:\cplusplus\htn planner moduler approach\htn planner moduler approach\x64\release\htn plan.5168f7c3.tlog\cl.items.tlog
d:\cplusplus\htn planner moduler approach\htn planner moduler approach\x64\release\htn plan.5168f7c3.tlog\cl.read.1.tlog
d:\cplusplus\htn planner moduler approach\htn planner moduler approach\x64\release\htn plan.5168f7c3.tlog\cl.write.1.tlog
d:\cplusplus\htn planner moduler approach\htn planner moduler approach\x64\release\htn plan.5168f7c3.tlog\link.command.1.tlog
d:\cplusplus\htn planner moduler approach\htn planner moduler approach\x64\release\htn plan.5168f7c3.tlog\link.read.1.tlog
d:\cplusplus\htn planner moduler approach\htn planner moduler approach\x64\release\htn plan.5168f7c3.tlog\link.secondary.1.tlog
d:\cplusplus\htn planner moduler approach\htn planner moduler approach\x64\release\htn plan.5168f7c3.tlog\link.write.1.tlog
